[0307/131352.304:ERROR:process_reader_win.cc(123)] NtOpenThread: {Access Denied} A process has requested access to an object, but has not been granted those access rights. (0xc0000022)
[0307/131352.306:ERROR:exception_snapshot_win.cc(98)] thread ID 2732 not found in process
[0307/131352.757:ERROR:process_reader_win.cc(123)] NtOpenThread: {Access Denied} A process has requested access to an object, but has not been granted those access rights. (0xc0000022)
[0307/131352.757:ERROR:exception_snapshot_win.cc(98)] thread ID 7228 not found in process
[0307/131353.199:ERROR:process_reader_win.cc(123)] NtOpenThread: {Access Denied} A process has requested access to an object, but has not been granted those access rights. (0xc0000022)
[0307/131353.205:ERROR:exception_snapshot_win.cc(98)] thread ID 13444 not found in process
[0307/131354.244:ERROR:process_reader_win.cc(123)] NtOpenThread: {Access Denied} A process has requested access to an object, but has not been granted those access rights. (0xc0000022)
[0307/131354.244:ERROR:exception_snapshot_win.cc(98)] thread ID 13004 not found in process
[0307/131354.793:ERROR:process_reader_win.cc(123)] NtOpenThread: {Access Denied} A process has requested access to an object, but has not been granted those access rights. (0xc0000022)
[0307/131354.793:ERROR:exception_snapshot_win.cc(98)] thread ID 15064 not found in process
[0307/132459.588:ERROR:process_reader_win.cc(123)] NtOpenThread: {Access Denied} A process has requested access to an object, but has not been granted those access rights. (0xc0000022)
[0307/132459.588:ERROR:exception_snapshot_win.cc(98)] thread ID 940 not found in process
[0307/132500.215:ERROR:process_reader_win.cc(123)] NtOpenThread: {Access Denied} A process has requested access to an object, but has not been granted those access rights. (0xc0000022)
[0307/132500.215:ERROR:exception_snapshot_win.cc(98)] thread ID 1348 not found in process
[0307/132500.772:ERROR:process_reader_win.cc(123)] NtOpenThread: {Access Denied} A process has requested access to an object, but has not been granted those access rights. (0xc0000022)
[0307/132500.773:ERROR:exception_snapshot_win.cc(98)] thread ID 14924 not found in process
[0307/132501.495:ERROR:process_reader_win.cc(123)] NtOpenThread: {Access Denied} A process has requested access to an object, but has not been granted those access rights. (0xc0000022)
[0307/132501.495:ERROR:exception_snapshot_win.cc(98)] thread ID 14012 not found in process
[0307/145151.827:ERROR:process_reader_win.cc(123)] NtOpenThread: {Access Denied} A process has requested access to an object, but has not been granted those access rights. (0xc0000022)
[0307/145151.827:ERROR:exception_snapshot_win.cc(98)] thread ID 15716 not found in process
[0307/145151.863:ERROR:process_reader_win.cc(123)] NtOpenThread: {Access Denied} A process has requested access to an object, but has not been granted those access rights. (0xc0000022)
[0307/145151.864:ERROR:exception_snapshot_win.cc(98)] thread ID 10760 not found in process
[0307/145151.867:ERROR:process_reader_win.cc(123)] NtOpenThread: {Access Denied} A process has requested access to an object, but has not been granted those access rights. (0xc0000022)
[0307/145151.867:ERROR:exception_snapshot_win.cc(98)] thread ID 17700 not found in process
[0307/145151.911:ERROR:process_reader_win.cc(123)] NtOpenThread: {Access Denied} A process has requested access to an object, but has not been granted those access rights. (0xc0000022)
[0307/145151.911:ERROR:exception_snapshot_win.cc(98)] thread ID 8356 not found in process
[0307/145151.935:ERROR:process_reader_win.cc(123)] NtOpenThread: {Access Denied} A process has requested access to an object, but has not been granted those access rights. (0xc0000022)
[0307/145151.936:ERROR:exception_snapshot_win.cc(98)] thread ID 16444 not found in process
[0307/145151.937:ERROR:process_reader_win.cc(123)] NtOpenThread: {Access Denied} A process has requested access to an object, but has not been granted those access rights. (0xc0000022)
[0307/145151.937:ERROR:exception_snapshot_win.cc(98)] thread ID 13564 not found in process
[0307/145246.630:ERROR:process_reader_win.cc(123)] NtOpenThread: {Access Denied} A process has requested access to an object, but has not been granted those access rights. (0xc0000022)
[0307/145246.631:ERROR:exception_snapshot_win.cc(98)] thread ID 15936 not found in process
[0307/145246.635:ERROR:process_reader_win.cc(123)] NtOpenThread: {Access Denied} A process has requested access to an object, but has not been granted those access rights. (0xc0000022)
[0307/145246.635:ERROR:exception_snapshot_win.cc(98)] thread ID 15644 not found in process
[0307/145246.664:ERROR:process_reader_win.cc(123)] NtOpenThread: {Access Denied} A process has requested access to an object, but has not been granted those access rights. (0xc0000022)
[0307/145246.664:ERROR:exception_snapshot_win.cc(98)] thread ID 13352 not found in process
[0307/145448.022:ERROR:process_reader_win.cc(123)] NtOpenThread: {Access Denied} A process has requested access to an object, but has not been granted those access rights. (0xc0000022)
[0307/145448.022:ERROR:exception_snapshot_win.cc(98)] thread ID 17536 not found in process
[0307/145448.085:ERROR:process_info.cc(329)] VirtualQueryEx: Access is denied. (0x5)
[0307/145448.085:ERROR:process_info.cc(556)] ReadMemoryInfo failed
[0307/145448.085:ERROR:process_memory_win.cc(39)] Failed to initialize ProcessInfo.
[0307/145448.085:ERROR:scoped_process_suspend.cc(40)] NtResumeProcess: An attempt was made to access an exiting process. (0xc000010a)
[0307/150215.273:ERROR:process_reader_win.cc(123)] NtOpenThread: {Access Denied} A process has requested access to an object, but has not been granted those access rights. (0xc0000022)
[0307/150215.274:ERROR:exception_snapshot_win.cc(98)] thread ID 13460 not found in process
[0307/150215.449:ERROR:process_reader_win.cc(123)] NtOpenThread: {Access Denied} A process has requested access to an object, but has not been granted those access rights. (0xc0000022)
[0307/150215.449:ERROR:exception_snapshot_win.cc(98)] thread ID 14240 not found in process
[0307/152140.538:ERROR:process_reader_win.cc(123)] NtOpenThread: {Access Denied} A process has requested access to an object, but has not been granted those access rights. (0xc0000022)
[0307/152140.538:ERROR:exception_snapshot_win.cc(98)] thread ID 11664 not found in process
[0307/152140.591:ERROR:process_reader_win.cc(123)] NtOpenThread: {Access Denied} A process has requested access to an object, but has not been granted those access rights. (0xc0000022)
[0307/152140.591:ERROR:exception_snapshot_win.cc(98)] thread ID 8448 not found in process
[0307/152254.538:ERROR:process_reader_win.cc(123)] NtOpenThread: {Access Denied} A process has requested access to an object, but has not been granted those access rights. (0xc0000022)
[0307/152254.539:ERROR:exception_snapshot_win.cc(98)] thread ID 16988 not found in process
[0307/152254.629:ERROR:process_reader_win.cc(123)] NtOpenThread: {Access Denied} A process has requested access to an object, but has not been granted those access rights. (0xc0000022)
[0307/152254.630:ERROR:exception_snapshot_win.cc(98)] thread ID 15772 not found in process
[0307/152511.487:ERROR:process_reader_win.cc(123)] NtOpenThread: {Access Denied} A process has requested access to an object, but has not been granted those access rights. (0xc0000022)
[0307/152511.488:ERROR:exception_snapshot_win.cc(98)] thread ID 17140 not found in process
[0307/152511.516:ERROR:process_info.cc(329)] VirtualQueryEx: Access is denied. (0x5)
[0307/152511.516:ERROR:process_info.cc(556)] ReadMemoryInfo failed
[0307/152511.516:ERROR:process_memory_win.cc(39)] Failed to initialize ProcessInfo.
[0307/152511.516:ERROR:scoped_process_suspend.cc(40)] NtResumeProcess: An attempt was made to access an exiting process. (0xc000010a)
